<?xml version="1.0" encoding="UTF-8"?>
<testsuite xmlns:xsi="http://www.w3.org/2001/XMLSchema-instance" xsi:noNamespaceSchemaLocation="https://maven.apache.org/surefire/maven-surefire-plugin/xsd/surefire-test-report-3.0.xsd" version="3.0" name="helloworld.AppTest" time="0.79" tests="1" errors="0" skipped="0" failures="0">
  <properties>
    <property name="java.specification.version" value="21"/>
    <property name="sun.jnu.encoding" value="UTF-8"/>
    <property name="java.class.path" value="/Users/rickdevmajumder/Downloads/Doctors_mission/doctors-mission-backend/doctors-mission/HelloWorldFunction/target/test-classes:/Users/rickdevmajumder/Downloads/Doctors_mission/doctors-mission-backend/doctors-mission/HelloWorldFunction/target/classes:/Users/rickdevmajumder/.m2/repository/com/amazonaws/aws-lambda-java-core/1.2.2/aws-lambda-java-core-1.2.2.jar:/Users/rickdevmajumder/.m2/repository/com/amazonaws/aws-lambda-java-events/3.11.0/aws-lambda-java-events-3.11.0.jar:/Users/rickdevmajumder/.m2/repository/joda-time/joda-time/2.6/joda-time-2.6.jar:/Users/rickdevmajumder/.m2/repository/junit/junit/4.13.2/junit-4.13.2.jar:/Users/rickdevmajumder/.m2/repository/org/hamcrest/hamcrest-core/1.3/hamcrest-core-1.3.jar:"/>
    <property name="java.vm.vendor" value="Oracle Corporation"/>
    <property name="sun.arch.data.model" value="64"/>
    <property name="java.vendor.url" value="https://java.oracle.com/"/>
    <property name="os.name" value="Mac OS X"/>
    <property name="java.vm.specification.version" value="21"/>
    <property name="sun.java.launcher" value="SUN_STANDARD"/>
    <property name="user.country" value="IN"/>
    <property name="sun.boot.library.path" value="/Users/rickdevmajumder/Library/Java/JavaVirtualMachines/openjdk-21.0.2/Contents/Home/lib"/>
    <property name="sun.java.command" value="/Users/rickdevmajumder/Downloads/Doctors_mission/doctors-mission-backend/doctors-mission/HelloWorldFunction/target/surefire/surefirebooter-20240912203205352_3.jar /Users/rickdevmajumder/Downloads/Doctors_mission/doctors-mission-backend/doctors-mission/HelloWorldFunction/target/surefire 2024-09-12T20-32-02_934-jvmRun1 surefire-20240912203205352_1tmp surefire_0-20240912203205352_2tmp"/>
    <property name="http.nonProxyHosts" value="local|*.local|169.254/16|*.169.254/16"/>
    <property name="jdk.debug" value="release"/>
    <property name="surefire.test.class.path" value="/Users/rickdevmajumder/Downloads/Doctors_mission/doctors-mission-backend/doctors-mission/HelloWorldFunction/target/test-classes:/Users/rickdevmajumder/Downloads/Doctors_mission/doctors-mission-backend/doctors-mission/HelloWorldFunction/target/classes:/Users/rickdevmajumder/.m2/repository/com/amazonaws/aws-lambda-java-core/1.2.2/aws-lambda-java-core-1.2.2.jar:/Users/rickdevmajumder/.m2/repository/com/amazonaws/aws-lambda-java-events/3.11.0/aws-lambda-java-events-3.11.0.jar:/Users/rickdevmajumder/.m2/repository/joda-time/joda-time/2.6/joda-time-2.6.jar:/Users/rickdevmajumder/.m2/repository/junit/junit/4.13.2/junit-4.13.2.jar:/Users/rickdevmajumder/.m2/repository/org/hamcrest/hamcrest-core/1.3/hamcrest-core-1.3.jar:"/>
    <property name="sun.cpu.endian" value="little"/>
    <property name="user.home" value="/Users/rickdevmajumder"/>
    <property name="user.language" value="en"/>
    <property name="java.specification.vendor" value="Oracle Corporation"/>
    <property name="java.version.date" value="2024-01-16"/>
    <property name="java.home" value="/Users/rickdevmajumder/Library/Java/JavaVirtualMachines/openjdk-21.0.2/Contents/Home"/>
    <property name="file.separator" value="/"/>
    <property name="basedir" value="/Users/rickdevmajumder/Downloads/Doctors_mission/doctors-mission-backend/doctors-mission/HelloWorldFunction"/>
    <property name="java.vm.compressedOopsMode" value="Zero based"/>
    <property name="line.separator" value="&#10;"/>
    <property name="java.vm.specification.vendor" value="Oracle Corporation"/>
    <property name="java.specification.name" value="Java Platform API Specification"/>
    <property name="apple.awt.application.name" value="ForkedBooter"/>
    <property name="surefire.real.class.path" value="/Users/rickdevmajumder/Downloads/Doctors_mission/doctors-mission-backend/doctors-mission/HelloWorldFunction/target/surefire/surefirebooter-20240912203205352_3.jar"/>
    <property name="sun.management.compiler" value="HotSpot 64-Bit Tiered Compilers"/>
    <property name="ftp.nonProxyHosts" value="local|*.local|169.254/16|*.169.254/16"/>
    <property name="java.runtime.version" value="21.0.2+13-58"/>
    <property name="user.name" value="rickdevmajumder"/>
    <property name="stdout.encoding" value="US-ASCII"/>
    <property name="path.separator" value=":"/>
    <property name="os.version" value="14.6.1"/>
    <property name="java.runtime.name" value="OpenJDK Runtime Environment"/>
    <property name="file.encoding" value="UTF-8"/>
    <property name="java.vm.name" value="OpenJDK 64-Bit Server VM"/>
    <property name="localRepository" value="/Users/rickdevmajumder/.m2/repository"/>
    <property name="java.vendor.url.bug" value="https://bugreport.java.com/bugreport/"/>
    <property name="java.io.tmpdir" value="/var/folders/c1/y_bpbchn06s3hqckq0gf00kw0000gn/T/"/>
    <property name="idea.version" value="2023.3.6"/>
    <property name="java.version" value="21.0.2"/>
    <property name="user.dir" value="/Users/rickdevmajumder/Downloads/Doctors_mission/doctors-mission-backend/doctors-mission/HelloWorldFunction"/>
    <property name="os.arch" value="x86_64"/>
    <property name="java.vm.specification.name" value="Java Virtual Machine Specification"/>
    <property name="native.encoding" value="US-ASCII"/>
    <property name="java.library.path" value="/Users/rickdevmajumder/Library/Java/Extensions:/Library/Java/Extensions:/Network/Library/Java/Extensions:/System/Library/Java/Extensions:/usr/lib/java:."/>
    <property name="java.vm.info" value="mixed mode, sharing"/>
    <property name="stderr.encoding" value="US-ASCII"/>
    <property name="java.vendor" value="Oracle Corporation"/>
    <property name="java.vm.version" value="21.0.2+13-58"/>
    <property name="sun.io.unicode.encoding" value="UnicodeBig"/>
    <property name="socksNonProxyHosts" value="local|*.local|169.254/16|*.169.254/16"/>
    <property name="java.class.version" value="65.0"/>
  </properties>
  <testcase name="successfulResponse" classname="helloworld.AppTest" time="0.725"/>
</testsuite>